0 info it worked if it ends with ok
1 verbose cli [ '/Users/KELiON/.nvm/versions/node/v6.5.0/bin/node',
1 verbose cli   '/Users/KELiON/.nvm/versions/node/v6.5.0/bin/npm',
1 verbose cli   'install' ]
2 info using npm@4.0.3
3 info using node@v6.5.0
4 silly loadCurrentTree Starting
5 silly install loadCurrentTree
6 silly install readLocalPackageData
7 silly install normalizeTree
8 silly loadCurrentTree Finishing
9 silly loadIdealTree Starting
10 silly install loadIdealTree
11 silly cloneCurrentTree Starting
12 silly install cloneCurrentTreeToIdealTree
13 silly cloneCurrentTree Finishing
14 silly loadShrinkwrap Starting
15 silly install loadShrinkwrap
16 silly loadShrinkwrap Finishing
17 silly loadAllDepsIntoIdealTree Starting
18 silly install loadAllDepsIntoIdealTree
19 silly loadAllDepsIntoIdealTree Finishing
20 silly loadIdealTree Finishing
21 silly currentTree @0.0.1
21 silly currentTree ├── acorn@4.0.4
21 silly currentTree ├── ajv-keywords@1.5.0
21 silly currentTree ├── ajv@4.10.4
21 silly currentTree ├── align-text@0.1.4
21 silly currentTree ├── alphanum-sort@1.0.2
21 silly currentTree ├── ansi-regex@2.0.0
21 silly currentTree ├── ansi-styles@2.2.1
21 silly currentTree ├── anymatch@1.3.0
21 silly currentTree ├── argparse@1.0.9
21 silly currentTree ├── arr-diff@2.0.0
21 silly currentTree ├── arr-flatten@1.0.1
21 silly currentTree ├── array-unique@0.2.1
21 silly currentTree ├── arrify@1.0.1
21 silly currentTree ├── asap@2.0.5
21 silly currentTree ├── asn1.js@4.9.1
21 silly currentTree ├── assert@1.4.1
21 silly currentTree ├── async-each@1.0.1
21 silly currentTree ├── async@2.1.4
21 silly currentTree ├── autoprefixer@6.6.1
21 silly currentTree ├── babel-cli@6.18.0
21 silly currentTree ├── babel-code-frame@6.20.0
21 silly currentTree ├── babel-core@6.21.0
21 silly currentTree ├── babel-generator@6.21.0
21 silly currentTree ├── babel-helper-builder-react-jsx@6.21.1
21 silly currentTree ├── babel-helper-flip-expressions@0.0.1
21 silly currentTree ├── babel-helper-is-nodes-equiv@0.0.1
21 silly currentTree ├── babel-helper-is-void-0@0.0.1
21 silly currentTree ├── babel-helper-remove-or-void@0.0.1
21 silly currentTree ├── babel-helper-to-multiple-sequence-expressions@0.0.2
21 silly currentTree ├── babel-helpers@6.16.0
21 silly currentTree ├── babel-loader@6.2.10
21 silly currentTree ├── babel-messages@6.8.0
21 silly currentTree ├── babel-plugin-minify-constant-folding@0.0.1
21 silly currentTree ├── babel-plugin-minify-dead-code-elimination@0.1.1
21 silly currentTree ├── babel-plugin-minify-flip-comparisons@0.0.1
21 silly currentTree ├── babel-plugin-minify-guarded-expressions@0.0.3
21 silly currentTree ├── babel-plugin-minify-infinity@0.0.1
21 silly currentTree ├── babel-plugin-minify-mangle-names@0.0.4
21 silly currentTree ├── babel-plugin-minify-numeric-literals@0.0.1
21 silly currentTree ├── babel-plugin-minify-replace@0.0.1
21 silly currentTree ├── babel-plugin-minify-simplify@0.0.4
21 silly currentTree ├── babel-plugin-minify-type-constructors@0.0.2
21 silly currentTree ├── babel-plugin-syntax-jsx@6.18.0
21 silly currentTree ├── babel-plugin-syntax-object-rest-spread@6.13.0
21 silly currentTree ├── babel-plugin-transform-member-expression-literals@6.8.0
21 silly currentTree ├── babel-plugin-transform-merge-sibling-variables@6.8.0
21 silly currentTree ├── babel-plugin-transform-minify-booleans@6.8.0
21 silly currentTree ├── babel-plugin-transform-object-rest-spread@6.20.2
21 silly currentTree ├── babel-plugin-transform-property-literals@6.8.0
21 silly currentTree ├── babel-plugin-transform-react-jsx@6.8.0
21 silly currentTree ├── babel-plugin-transform-regexp-constructors@0.0.1
21 silly currentTree ├── babel-plugin-transform-simplify-comparison-operators@6.8.0
21 silly currentTree ├── babel-plugin-transform-undefined-to-void@6.8.0
21 silly currentTree ├── babel-polyfill@6.20.0
21 silly currentTree ├── babel-preset-babili@0.0.8
21 silly currentTree ├── babel-register@6.18.0
21 silly currentTree ├── babel-runtime@6.20.0
21 silly currentTree ├── babel-template@6.16.0
21 silly currentTree ├── babel-traverse@6.21.0
21 silly currentTree ├── babel-types@6.21.0
21 silly currentTree ├── babili@0.0.9
21 silly currentTree ├── babylon@6.15.0
21 silly currentTree ├── balanced-match@0.4.2
21 silly currentTree ├── base64-js@1.2.0
21 silly currentTree ├── big.js@3.1.3
21 silly currentTree ├── binary-extensions@1.8.0
21 silly currentTree ├── bn.js@4.11.6
21 silly currentTree ├── brace-expansion@1.1.6
21 silly currentTree ├── braces@1.8.5
21 silly currentTree ├── brorand@1.0.6
21 silly currentTree ├── browserify-aes@1.0.6
21 silly currentTree ├── browserify-cipher@1.0.0
21 silly currentTree ├── browserify-des@1.0.0
21 silly currentTree ├── browserify-rsa@4.0.1
21 silly currentTree ├── browserify-sign@4.0.0
21 silly currentTree ├── browserify-zlib@0.1.4
21 silly currentTree ├── browserslist@1.5.2
21 silly currentTree ├── buffer-shims@1.0.0
21 silly currentTree ├── buffer-xor@1.0.3
21 silly currentTree ├── buffer@4.9.1
21 silly currentTree ├── builtin-modules@1.1.1
21 silly currentTree ├── builtin-status-codes@3.0.0
21 silly currentTree ├── camelcase@1.2.1
21 silly currentTree ├── caniuse-api@1.5.2
21 silly currentTree ├── caniuse-db@1.0.30000609
21 silly currentTree ├── center-align@0.1.3
21 silly currentTree ├── cerebro-tools@0.1.7
21 silly currentTree ├── chalk@1.1.3
21 silly currentTree ├── chokidar@1.6.1
21 silly currentTree ├── cipher-base@1.0.3
21 silly currentTree ├── clap@1.1.2
21 silly currentTree ├── cliui@2.1.0
21 silly currentTree ├── clone@1.0.2
21 silly currentTree ├── co@4.6.0
21 silly currentTree ├── coa@1.0.1
21 silly currentTree ├── code-point-at@1.1.0
21 silly currentTree ├── color-convert@1.8.2
21 silly currentTree ├── color-name@1.1.1
21 silly currentTree ├── color-string@0.3.0
21 silly currentTree ├── color@0.11.4
21 silly currentTree ├── colormin@1.1.2
21 silly currentTree ├── colors@1.1.2
21 silly currentTree ├── commander@2.9.0
21 silly currentTree ├── commondir@1.0.1
21 silly currentTree ├── concat-map@0.0.1
21 silly currentTree ├── console-browserify@1.1.0
21 silly currentTree ├── constants-browserify@1.0.0
21 silly currentTree ├── convert-source-map@1.3.0
21 silly currentTree ├── core-js@2.4.1
21 silly currentTree ├── core-util-is@1.0.2
21 silly currentTree ├── create-ecdh@4.0.0
21 silly currentTree ├── create-hash@1.1.2
21 silly currentTree ├── create-hmac@1.1.4
21 silly currentTree ├── crypto-browserify@3.11.0
21 silly currentTree ├── css-color-names@0.0.4
21 silly currentTree ├── css-loader@0.26.1
21 silly currentTree ├── css-selector-tokenizer@0.7.0
21 silly currentTree ├── cssesc@0.1.0
21 silly currentTree ├── cssnano@3.10.0
21 silly currentTree ├── csso@2.2.1
21 silly currentTree ├── d@1.0.0
21 silly currentTree ├── date-now@0.1.4
21 silly currentTree ├── debug@2.6.0
21 silly currentTree ├── decamelize@1.2.0
21 silly currentTree ├── defined@1.0.0
21 silly currentTree ├── des.js@1.0.0
21 silly currentTree ├── detect-indent@4.0.0
21 silly currentTree ├── diffie-hellman@5.0.2
21 silly currentTree ├── domain-browser@1.1.7
21 silly currentTree ├── elliptic@6.3.2
21 silly currentTree ├── emojis-list@2.1.0
21 silly currentTree ├── encoding@0.1.12
21 silly currentTree ├── enhanced-resolve@2.3.0
21 silly currentTree ├── errno@0.1.4
21 silly currentTree ├── error-ex@1.3.0
21 silly currentTree ├── es5-ext@0.10.12
21 silly currentTree ├─┬ es6-iterator@2.0.0
21 silly currentTree │ └── d@0.1.1
21 silly currentTree ├─┬ es6-symbol@3.1.0
21 silly currentTree │ └── d@0.1.1
21 silly currentTree ├─┬ es6-weak-map@2.0.1
21 silly currentTree │ └── d@0.1.1
21 silly currentTree ├── escape-string-regexp@1.0.5
21 silly currentTree ├── esprima@2.7.3
21 silly currentTree ├── esutils@2.0.2
21 silly currentTree ├─┬ event-emitter@0.3.4
21 silly currentTree │ └── d@0.1.1
21 silly currentTree ├── events@1.1.1
21 silly currentTree ├── evp_bytestokey@1.0.0
21 silly currentTree ├── expand-brackets@0.1.5
21 silly currentTree ├── expand-range@1.8.2
21 silly currentTree ├── extglob@0.3.2
21 silly currentTree ├── fastparse@1.1.1
21 silly currentTree ├─┬ fbjs@0.8.8
21 silly currentTree │ └── core-js@1.2.7
21 silly currentTree ├── filename-regex@2.0.0
21 silly currentTree ├── fill-range@2.2.3
21 silly currentTree ├── find-cache-dir@0.1.1
21 silly currentTree ├── find-up@1.1.2
21 silly currentTree ├── flatten@1.0.2
21 silly currentTree ├── for-in@0.1.6
21 silly currentTree ├── for-own@0.1.4
21 silly currentTree ├── fs-readdir-recursive@1.0.0
21 silly currentTree ├── fs.realpath@1.0.0
21 silly currentTree ├─┬ fsevents@1.0.17
21 silly currentTree │ ├── abbrev@1.0.9
21 silly currentTree │ ├── ansi-regex@2.0.0
21 silly currentTree │ ├── ansi-styles@2.2.1
21 silly currentTree │ ├── aproba@1.0.4
21 silly currentTree │ ├── are-we-there-yet@1.1.2
21 silly currentTree │ ├── asn1@0.2.3
21 silly currentTree │ ├── assert-plus@0.2.0
21 silly currentTree │ ├── asynckit@0.4.0
21 silly currentTree │ ├── aws-sign2@0.6.0
21 silly currentTree │ ├── aws4@1.5.0
21 silly currentTree │ ├── balanced-match@0.4.2
21 silly currentTree │ ├── bcrypt-pbkdf@1.0.0
21 silly currentTree │ ├── block-stream@0.0.9
21 silly currentTree │ ├── boom@2.10.1
21 silly currentTree │ ├── brace-expansion@1.1.6
21 silly currentTree │ ├── buffer-shims@1.0.0
21 silly currentTree │ ├── caseless@0.11.0
21 silly currentTree │ ├─┬ chalk@1.1.3
21 silly currentTree │ │ └── supports-color@2.0.0
21 silly currentTree │ ├── code-point-at@1.1.0
21 silly currentTree │ ├── combined-stream@1.0.5
21 silly currentTree │ ├── commander@2.9.0
21 silly currentTree │ ├── concat-map@0.0.1
21 silly currentTree │ ├── console-control-strings@1.1.0
21 silly currentTree │ ├── core-util-is@1.0.2
21 silly currentTree │ ├── cryptiles@2.0.5
21 silly currentTree │ ├─┬ dashdash@1.14.1
21 silly currentTree │ │ └── assert-plus@1.0.0
21 silly currentTree │ ├── debug@2.2.0
21 silly currentTree │ ├── deep-extend@0.4.1
21 silly currentTree │ ├── delayed-stream@1.0.0
21 silly currentTree │ ├── delegates@1.0.0
21 silly currentTree │ ├── ecc-jsbn@0.1.1
21 silly currentTree │ ├── escape-string-regexp@1.0.5
21 silly currentTree │ ├── extend@3.0.0
21 silly currentTree │ ├── extsprintf@1.0.2
21 silly currentTree │ ├── forever-agent@0.6.1
21 silly currentTree │ ├── form-data@2.1.2
21 silly currentTree │ ├── fs.realpath@1.0.0
21 silly currentTree │ ├── fstream-ignore@1.0.5
21 silly currentTree │ ├── fstream@1.0.10
21 silly currentTree │ ├── gauge@2.7.2
21 silly currentTree │ ├── generate-function@2.0.0
21 silly currentTree │ ├── generate-object-property@1.2.0
21 silly currentTree │ ├─┬ getpass@0.1.6
21 silly currentTree │ │ └── assert-plus@1.0.0
21 silly currentTree │ ├── glob@7.1.1
21 silly currentTree │ ├── graceful-fs@4.1.11
21 silly currentTree │ ├── graceful-readlink@1.0.1
21 silly currentTree │ ├── har-validator@2.0.6
21 silly currentTree │ ├── has-ansi@2.0.0
21 silly currentTree │ ├── has-unicode@2.0.1
21 silly currentTree │ ├── hawk@3.1.3
21 silly currentTree │ ├── hoek@2.16.3
21 silly currentTree │ ├── http-signature@1.1.1
21 silly currentTree │ ├── inflight@1.0.6
21 silly currentTree │ ├── inherits@2.0.3
21 silly currentTree │ ├── ini@1.3.4
21 silly currentTree │ ├── is-fullwidth-code-point@1.0.0
21 silly currentTree │ ├── is-my-json-valid@2.15.0
21 silly currentTree │ ├── is-property@1.0.2
21 silly currentTree │ ├── is-typedarray@1.0.0
21 silly currentTree │ ├── isarray@1.0.0
21 silly currentTree │ ├── isstream@0.1.2
21 silly currentTree │ ├── jodid25519@1.0.2
21 silly currentTree │ ├── jsbn@0.1.0
21 silly currentTree │ ├── json-schema@0.2.3
21 silly currentTree │ ├── json-stringify-safe@5.0.1
21 silly currentTree │ ├── jsonpointer@4.0.1
21 silly currentTree │ ├── jsprim@1.3.1
21 silly currentTree │ ├── mime-db@1.25.0
21 silly currentTree │ ├── mime-types@2.1.13
21 silly currentTree │ ├── minimatch@3.0.3
21 silly currentTree │ ├── minimist@0.0.8
21 silly currentTree │ ├── mkdirp@0.5.1
21 silly currentTree │ ├── ms@0.7.1
21 silly currentTree │ ├── node-pre-gyp@0.6.32
21 silly currentTree │ ├── nopt@3.0.6
21 silly currentTree │ ├── npmlog@4.0.2
21 silly currentTree │ ├── number-is-nan@1.0.1
21 silly currentTree │ ├── oauth-sign@0.8.2
21 silly currentTree │ ├── object-assign@4.1.0
21 silly currentTree │ ├── once@1.4.0
21 silly currentTree │ ├── path-is-absolute@1.0.1
21 silly currentTree │ ├── pinkie-promise@2.0.1
21 silly currentTree │ ├── pinkie@2.0.4
21 silly currentTree │ ├── process-nextick-args@1.0.7
21 silly currentTree │ ├── punycode@1.4.1
21 silly currentTree │ ├── qs@6.3.0
21 silly currentTree │ ├─┬ rc@1.1.6
21 silly currentTree │ │ └── minimist@1.2.0
21 silly currentTree │ ├── readable-stream@2.2.2
21 silly currentTree │ ├── request@2.79.0
21 silly currentTree │ ├── rimraf@2.5.4
21 silly currentTree │ ├── semver@5.3.0
21 silly currentTree │ ├── set-blocking@2.0.0
21 silly currentTree │ ├── signal-exit@3.0.2
21 silly currentTree │ ├── sntp@1.0.9
21 silly currentTree │ ├─┬ sshpk@1.10.1
21 silly currentTree │ │ └── assert-plus@1.0.0
21 silly currentTree │ ├── string_decoder@0.10.31
21 silly currentTree │ ├── string-width@1.0.2
21 silly currentTree │ ├── stringstream@0.0.5
21 silly currentTree │ ├── strip-ansi@3.0.1
21 silly currentTree │ ├── strip-json-comments@1.0.4
21 silly currentTree │ ├── supports-color@0.2.0
21 silly currentTree │ ├─┬ tar-pack@3.3.0
21 silly currentTree │ │ ├── once@1.3.3
21 silly currentTree │ │ └── readable-stream@2.1.5
21 silly currentTree │ ├── tar@2.2.1
21 silly currentTree │ ├── tough-cookie@2.3.2
21 silly currentTree │ ├── tunnel-agent@0.4.3
21 silly currentTree │ ├── tweetnacl@0.14.5
21 silly currentTree │ ├── uid-number@0.0.6
21 silly currentTree │ ├── util-deprecate@1.0.2
21 silly currentTree │ ├── uuid@3.0.1
21 silly currentTree │ ├── verror@1.3.6
21 silly currentTree │ ├── wide-align@1.1.0
21 silly currentTree │ ├── wrappy@1.0.2
21 silly currentTree │ └── xtend@4.0.1
21 silly currentTree ├── function-bind@1.1.0
21 silly currentTree ├── get-caller-file@1.0.2
21 silly currentTree ├── glob-base@0.3.0
21 silly currentTree ├── glob-parent@2.0.0
21 silly currentTree ├── glob@5.0.15
21 silly currentTree ├── globals@9.14.0
21 silly currentTree ├── graceful-fs@4.1.11
21 silly currentTree ├── graceful-readlink@1.0.1
21 silly currentTree ├── has-ansi@2.0.0
21 silly currentTree ├── has-flag@1.0.0
21 silly currentTree ├── has@1.0.1
21 silly currentTree ├── hash.js@1.0.3
21 silly currentTree ├── home-or-tmp@2.0.0
21 silly currentTree ├── hosted-git-info@2.1.5
21 silly currentTree ├── html-comment-regex@1.1.1
21 silly currentTree ├── https-browserify@0.0.1
21 silly currentTree ├── iconv-lite@0.4.15
21 silly currentTree ├── icss-replace-symbols@1.0.2
21 silly currentTree ├── ieee754@1.1.8
21 silly currentTree ├── indexes-of@1.0.1
21 silly currentTree ├── indexof@0.0.1
21 silly currentTree ├── inflight@1.0.6
21 silly currentTree ├── inherits@2.0.3
21 silly currentTree ├── interpret@1.0.1
21 silly currentTree ├── invariant@2.2.2
21 silly currentTree ├── invert-kv@1.0.0
21 silly currentTree ├── is-absolute-url@2.1.0
21 silly currentTree ├── is-arrayish@0.2.1
21 silly currentTree ├── is-binary-path@1.0.1
21 silly currentTree ├── is-buffer@1.1.4
21 silly currentTree ├── is-builtin-module@1.0.0
21 silly currentTree ├── is-dotfile@1.0.2
21 silly currentTree ├── is-equal-shallow@0.1.3
21 silly currentTree ├── is-extendable@0.1.1
21 silly currentTree ├── is-extglob@1.0.0
21 silly currentTree ├── is-finite@1.0.2
21 silly currentTree ├── is-fullwidth-code-point@1.0.0
21 silly currentTree ├── is-glob@2.0.1
21 silly currentTree ├── is-number@2.1.0
21 silly currentTree ├── is-plain-obj@1.1.0
21 silly currentTree ├── is-posix-bracket@0.1.1
21 silly currentTree ├── is-primitive@2.0.0
21 silly currentTree ├── is-promise@2.1.0
21 silly currentTree ├── is-stream@1.1.0
21 silly currentTree ├── is-svg@2.1.0
21 silly currentTree ├── is-utf8@0.2.1
21 silly currentTree ├── isarray@1.0.0
21 silly currentTree ├── isobject@2.1.0
21 silly currentTree ├── isomorphic-fetch@2.2.1
21 silly currentTree ├── js-base64@2.1.9
21 silly currentTree ├── js-tokens@2.0.0
21 silly currentTree ├── js-yaml@3.6.1
21 silly currentTree ├── jsesc@1.3.0
21 silly currentTree ├── json-stable-stringify@1.0.1
21 silly currentTree ├── json5@0.5.1
21 silly currentTree ├── jsonify@0.0.0
21 silly currentTree ├── kind-of@3.1.0
21 silly currentTree ├── lazy-cache@1.0.4
21 silly currentTree ├── lcid@1.0.0
21 silly currentTree ├── load-json-file@1.1.0
21 silly currentTree ├── loader-runner@2.2.0
21 silly currentTree ├── loader-utils@0.2.16
21 silly currentTree ├── lodash.camelcase@4.3.0
21 silly currentTree ├── lodash.indexof@4.0.5
21 silly currentTree ├── lodash.memoize@4.1.2
21 silly currentTree ├── lodash.some@4.6.0
21 silly currentTree ├── lodash.uniq@4.5.0
21 silly currentTree ├── lodash@4.17.4
21 silly currentTree ├── longest@1.0.1
21 silly currentTree ├── loose-envify@1.3.0
21 silly currentTree ├── lru-queue@0.1.0
21 silly currentTree ├── macaddress@0.2.8
21 silly currentTree ├── math-expression-evaluator@1.2.14
21 silly currentTree ├── memoizee@0.4.1
21 silly currentTree ├── memory-fs@0.3.0
21 silly currentTree ├── micromatch@2.3.11
21 silly currentTree ├── miller-rabin@4.0.0
21 silly currentTree ├── minimalistic-assert@1.0.0
21 silly currentTree ├── minimatch@3.0.3
21 silly currentTree ├── minimist@0.0.8
21 silly currentTree ├── mkdirp@0.5.1
21 silly currentTree ├── ms@0.7.2
21 silly currentTree ├── nan@2.5.0
21 silly currentTree ├── next-tick@1.0.0
21 silly currentTree ├── node-fetch@1.6.3
21 silly currentTree ├── node-libs-browser@1.1.1
21 silly currentTree ├── normalize-package-data@2.3.5
21 silly currentTree ├── normalize-path@2.0.1
21 silly currentTree ├── normalize-range@0.1.2
21 silly currentTree ├── normalize-url@1.9.0
21 silly currentTree ├── num2fraction@1.2.2
21 silly currentTree ├── number-is-nan@1.0.1
21 silly currentTree ├── object-assign@4.1.0
21 silly currentTree ├── object.omit@2.0.1
21 silly currentTree ├── once@1.4.0
21 silly currentTree ├── os-browserify@0.2.1
21 silly currentTree ├── os-homedir@1.0.2
21 silly currentTree ├── os-locale@1.4.0
21 silly currentTree ├── os-tmpdir@1.0.2
21 silly currentTree ├── output-file-sync@1.1.2
21 silly currentTree ├── pako@0.2.9
21 silly currentTree ├── parse-asn1@5.0.0
21 silly currentTree ├── parse-glob@3.0.4
21 silly currentTree ├── parse-json@2.2.0
21 silly currentTree ├── path-browserify@0.0.0
21 silly currentTree ├── path-exists@2.1.0
21 silly currentTree ├── path-is-absolute@1.0.1
21 silly currentTree ├── path-type@1.1.0
21 silly currentTree ├── pbkdf2@3.0.9
21 silly currentTree ├── pify@2.3.0
21 silly currentTree ├── pinkie-promise@2.0.1
21 silly currentTree ├── pinkie@2.0.4
21 silly currentTree ├── pkg-dir@1.0.0
21 silly currentTree ├── postcss-calc@5.3.1
21 silly currentTree ├── postcss-colormin@2.2.1
21 silly currentTree ├── postcss-convert-values@2.6.0
21 silly currentTree ├── postcss-discard-comments@2.0.4
21 silly currentTree ├── postcss-discard-duplicates@2.0.2
21 silly currentTree ├── postcss-discard-empty@2.1.0
21 silly currentTree ├── postcss-discard-overridden@0.1.1
21 silly currentTree ├── postcss-discard-unused@2.2.3
21 silly currentTree ├── postcss-filter-plugins@2.0.2
21 silly currentTree ├── postcss-merge-idents@2.1.7
21 silly currentTree ├── postcss-merge-longhand@2.0.2
21 silly currentTree ├── postcss-merge-rules@2.1.1
21 silly currentTree ├── postcss-message-helpers@2.0.0
21 silly currentTree ├── postcss-minify-font-values@1.0.5
21 silly currentTree ├── postcss-minify-gradients@1.0.5
21 silly currentTree ├── postcss-minify-params@1.2.2
21 silly currentTree ├── postcss-minify-selectors@2.1.1
21 silly currentTree ├── postcss-modules-extract-imports@1.0.1
21 silly currentTree ├─┬ postcss-modules-local-by-default@1.1.1
21 silly currentTree │ └── css-selector-tokenizer@0.6.0
21 silly currentTree ├─┬ postcss-modules-scope@1.0.2
21 silly currentTree │ └── css-selector-tokenizer@0.6.0
21 silly currentTree ├── postcss-modules-values@1.2.2
21 silly currentTree ├── postcss-normalize-charset@1.1.1
21 silly currentTree ├── postcss-normalize-url@3.0.8
21 silly currentTree ├── postcss-ordered-values@2.2.3
21 silly currentTree ├── postcss-reduce-idents@2.4.0
21 silly currentTree ├── postcss-reduce-initial@1.0.1
21 silly currentTree ├── postcss-reduce-transforms@1.0.4
21 silly currentTree ├── postcss-selector-parser@2.2.2
21 silly currentTree ├── postcss-svgo@2.1.6
21 silly currentTree ├── postcss-unique-selectors@2.0.2
21 silly currentTree ├── postcss-value-parser@3.3.0
21 silly currentTree ├── postcss-zindex@2.2.0
21 silly currentTree ├─┬ postcss@5.2.10
21 silly currentTree │ └── supports-color@3.1.2
21 silly currentTree ├── prepend-http@1.0.4
21 silly currentTree ├── preserve@0.2.0
21 silly currentTree ├── private@0.1.6
21 silly currentTree ├── process-nextick-args@1.0.7
21 silly currentTree ├── process@0.11.9
21 silly currentTree ├── promise@7.1.1
21 silly currentTree ├── prr@0.0.0
21 silly currentTree ├── public-encrypt@4.0.0
21 silly currentTree ├── punycode@1.4.1
21 silly currentTree ├── q@1.4.1
21 silly currentTree ├── query-string@4.3.0
21 silly currentTree ├── querystring-es3@0.2.1
21 silly currentTree ├── querystring@0.2.0
21 silly currentTree ├── randomatic@1.1.6
21 silly currentTree ├── randombytes@2.0.3
21 silly currentTree ├── react@15.4.2
21 silly currentTree ├── read-pkg-up@1.0.1
21 silly currentTree ├── read-pkg@1.1.0
21 silly currentTree ├── readable-stream@2.2.2
21 silly currentTree ├── readdirp@2.1.0
21 silly currentTree ├── rechoir@0.6.2
21 silly currentTree ├── reduce-css-calc@1.3.0
21 silly currentTree ├── reduce-function-call@1.0.2
21 silly currentTree ├── regenerate@1.3.2
21 silly currentTree ├── regenerator-runtime@0.10.1
21 silly currentTree ├── regex-cache@0.4.3
21 silly currentTree ├── regexpu-core@1.0.0
21 silly currentTree ├── regjsgen@0.2.0
21 silly currentTree ├─┬ regjsparser@0.1.5
21 silly currentTree │ └── jsesc@0.5.0
21 silly currentTree ├── repeat-element@1.1.2
21 silly currentTree ├── repeat-string@1.6.1
21 silly currentTree ├── repeating@2.0.1
21 silly currentTree ├── require-directory@2.1.1
21 silly currentTree ├── require-main-filename@1.0.1
21 silly currentTree ├── resolve@1.2.0
21 silly currentTree ├── right-align@0.1.3
21 silly currentTree ├── ripemd160@1.0.1
21 silly currentTree ├── sax@1.2.1
21 silly currentTree ├── semver@5.3.0
21 silly currentTree ├── set-blocking@2.0.0
21 silly currentTree ├── set-immediate-shim@1.0.1
21 silly currentTree ├── setimmediate@1.0.5
21 silly currentTree ├── sha.js@2.4.8
21 silly currentTree ├─┬ shelljs@0.7.6
21 silly currentTree │ └── glob@7.1.1
21 silly currentTree ├── slash@1.0.0
21 silly currentTree ├── sort-keys@1.1.2
21 silly currentTree ├── source-list-map@0.1.8
21 silly currentTree ├── source-map-support@0.4.8
21 silly currentTree ├── source-map@0.5.6
21 silly currentTree ├── spdx-correct@1.0.2
21 silly currentTree ├── spdx-expression-parse@1.0.4
21 silly currentTree ├── spdx-license-ids@1.2.2
21 silly currentTree ├── sprintf-js@1.0.3
21 silly currentTree ├── stream-browserify@2.0.1
21 silly currentTree ├── stream-http@2.6.1
21 silly currentTree ├── strict-uri-encode@1.1.0
21 silly currentTree ├── string_decoder@0.10.31
21 silly currentTree ├── string-width@1.0.2
21 silly currentTree ├── strip-ansi@3.0.1
21 silly currentTree ├── strip-bom@2.0.0
21 silly currentTree ├── style-loader@0.13.1
21 silly currentTree ├── supports-color@2.0.0
21 silly currentTree ├── svgo@0.7.1
21 silly currentTree ├── tapable@0.2.6
21 silly currentTree ├── timers-browserify@1.4.2
21 silly currentTree ├─┬ timers-ext@0.1.0
21 silly currentTree │ └── next-tick@0.2.2
21 silly currentTree ├── to-arraybuffer@1.0.1
21 silly currentTree ├── to-fast-properties@1.0.2
21 silly currentTree ├── tty-browserify@0.0.0
21 silly currentTree ├── ua-parser-js@0.7.12
21 silly currentTree ├─┬ uglify-js@2.7.5
21 silly currentTree │ ├── async@0.2.10
21 silly currentTree │ └── yargs@3.10.0
21 silly currentTree ├── uglify-to-browserify@1.0.2
21 silly currentTree ├── uniq@1.0.1
21 silly currentTree ├── uniqid@4.1.1
21 silly currentTree ├── uniqs@2.0.0
21 silly currentTree ├─┬ url@0.11.0
21 silly currentTree │ └── punycode@1.3.2
21 silly currentTree ├── user-home@1.1.1
21 silly currentTree ├── util-deprecate@1.0.2
21 silly currentTree ├─┬ util@0.10.3
21 silly currentTree │ └── inherits@2.0.1
21 silly currentTree ├── v8flags@2.0.11
21 silly currentTree ├── validate-npm-package-license@3.0.1
21 silly currentTree ├── vendors@1.0.1
21 silly currentTree ├── vm-browserify@0.0.4
21 silly currentTree ├── watchpack@1.2.0
21 silly currentTree ├── webpack-sources@0.1.3
21 silly currentTree ├─┬ webpack@2.1.0-beta.27
21 silly currentTree │ └── supports-color@3.1.2
21 silly currentTree ├── whatwg-fetch@2.0.1
21 silly currentTree ├── whet.extend@0.9.9
21 silly currentTree ├── which-module@1.0.0
21 silly currentTree ├── window-size@0.1.0
21 silly currentTree ├── wordwrap@0.0.2
21 silly currentTree ├── wrap-ansi@2.1.0
21 silly currentTree ├── wrappy@1.0.2
21 silly currentTree ├── xtend@4.0.1
21 silly currentTree ├── y18n@3.2.1
21 silly currentTree ├─┬ yargs-parser@4.2.1
21 silly currentTree │ └── camelcase@3.0.0
21 silly currentTree └─┬ yargs@6.6.0
21 silly currentTree   ├── camelcase@3.0.0
21 silly currentTree   └── cliui@3.2.0
22 silly idealTree @0.0.1
22 silly idealTree ├── acorn@4.0.4
22 silly idealTree ├── ajv-keywords@1.5.0
22 silly idealTree ├── ajv@4.10.4
22 silly idealTree ├── align-text@0.1.4
22 silly idealTree ├── alphanum-sort@1.0.2
22 silly idealTree ├── ansi-regex@2.0.0
22 silly idealTree ├── ansi-styles@2.2.1
22 silly idealTree ├── anymatch@1.3.0
22 silly idealTree ├── argparse@1.0.9
22 silly idealTree ├── arr-diff@2.0.0
22 silly idealTree ├── arr-flatten@1.0.1
22 silly idealTree ├── array-unique@0.2.1
22 silly idealTree ├── arrify@1.0.1
22 silly idealTree ├── asap@2.0.5
22 silly idealTree ├── asn1.js@4.9.1
22 silly idealTree ├── assert@1.4.1
22 silly idealTree ├── async-each@1.0.1
22 silly idealTree ├── async@2.1.4
22 silly idealTree ├── autoprefixer@6.6.1
22 silly idealTree ├── babel-cli@6.18.0
22 silly idealTree ├── babel-code-frame@6.20.0
22 silly idealTree ├── babel-core@6.21.0
22 silly idealTree ├── babel-generator@6.21.0
22 silly idealTree ├── babel-helper-builder-react-jsx@6.21.1
22 silly idealTree ├── babel-helper-flip-expressions@0.0.1
22 silly idealTree ├── babel-helper-is-nodes-equiv@0.0.1
22 silly idealTree ├── babel-helper-is-void-0@0.0.1
22 silly idealTree ├── babel-helper-remove-or-void@0.0.1
22 silly idealTree ├── babel-helper-to-multiple-sequence-expressions@0.0.2
22 silly idealTree ├── babel-helpers@6.16.0
22 silly idealTree ├── babel-loader@6.2.10
22 silly idealTree ├── babel-messages@6.8.0
22 silly idealTree ├── babel-plugin-minify-constant-folding@0.0.1
22 silly idealTree ├── babel-plugin-minify-dead-code-elimination@0.1.1
22 silly idealTree ├── babel-plugin-minify-flip-comparisons@0.0.1
22 silly idealTree ├── babel-plugin-minify-guarded-expressions@0.0.3
22 silly idealTree ├── babel-plugin-minify-infinity@0.0.1
22 silly idealTree ├── babel-plugin-minify-mangle-names@0.0.4
22 silly idealTree ├── babel-plugin-minify-numeric-literals@0.0.1
22 silly idealTree ├── babel-plugin-minify-replace@0.0.1
22 silly idealTree ├── babel-plugin-minify-simplify@0.0.4
22 silly idealTree ├── babel-plugin-minify-type-constructors@0.0.2
22 silly idealTree ├── babel-plugin-syntax-jsx@6.18.0
22 silly idealTree ├── babel-plugin-syntax-object-rest-spread@6.13.0
22 silly idealTree ├── babel-plugin-transform-member-expression-literals@6.8.0
22 silly idealTree ├── babel-plugin-transform-merge-sibling-variables@6.8.0
22 silly idealTree ├── babel-plugin-transform-minify-booleans@6.8.0
22 silly idealTree ├── babel-plugin-transform-object-rest-spread@6.20.2
22 silly idealTree ├── babel-plugin-transform-property-literals@6.8.0
22 silly idealTree ├── babel-plugin-transform-react-jsx@6.8.0
22 silly idealTree ├── babel-plugin-transform-regexp-constructors@0.0.1
22 silly idealTree ├── babel-plugin-transform-simplify-comparison-operators@6.8.0
22 silly idealTree ├── babel-plugin-transform-undefined-to-void@6.8.0
22 silly idealTree ├── babel-polyfill@6.20.0
22 silly idealTree ├── babel-preset-babili@0.0.8
22 silly idealTree ├── babel-register@6.18.0
22 silly idealTree ├── babel-runtime@6.20.0
22 silly idealTree ├── babel-template@6.16.0
22 silly idealTree ├── babel-traverse@6.21.0
22 silly idealTree ├── babel-types@6.21.0
22 silly idealTree ├── babili@0.0.9
22 silly idealTree ├── babylon@6.15.0
22 silly idealTree ├── balanced-match@0.4.2
22 silly idealTree ├── base64-js@1.2.0
22 silly idealTree ├── big.js@3.1.3
22 silly idealTree ├── binary-extensions@1.8.0
22 silly idealTree ├── bn.js@4.11.6
22 silly idealTree ├── brace-expansion@1.1.6
22 silly idealTree ├── braces@1.8.5
22 silly idealTree ├── brorand@1.0.6
22 silly idealTree ├── browserify-aes@1.0.6
22 silly idealTree ├── browserify-cipher@1.0.0
22 silly idealTree ├── browserify-des@1.0.0
22 silly idealTree ├── browserify-rsa@4.0.1
22 silly idealTree ├── browserify-sign@4.0.0
22 silly idealTree ├── browserify-zlib@0.1.4
22 silly idealTree ├── browserslist@1.5.2
22 silly idealTree ├── buffer-shims@1.0.0
22 silly idealTree ├── buffer-xor@1.0.3
22 silly idealTree ├── buffer@4.9.1
22 silly idealTree ├── builtin-modules@1.1.1
22 silly idealTree ├── builtin-status-codes@3.0.0
22 silly idealTree ├── camelcase@1.2.1
22 silly idealTree ├── caniuse-api@1.5.2
22 silly idealTree ├── caniuse-db@1.0.30000609
22 silly idealTree ├── center-align@0.1.3
22 silly idealTree ├── cerebro-tools@0.1.7
22 silly idealTree ├── chalk@1.1.3
22 silly idealTree ├── chokidar@1.6.1
22 silly idealTree ├── cipher-base@1.0.3
22 silly idealTree ├── clap@1.1.2
22 silly idealTree ├── cliui@2.1.0
22 silly idealTree ├── clone@1.0.2
22 silly idealTree ├── co@4.6.0
22 silly idealTree ├── coa@1.0.1
22 silly idealTree ├── code-point-at@1.1.0
22 silly idealTree ├── color-convert@1.8.2
22 silly idealTree ├── color-name@1.1.1
22 silly idealTree ├── color-string@0.3.0
22 silly idealTree ├── color@0.11.4
22 silly idealTree ├── colormin@1.1.2
22 silly idealTree ├── colors@1.1.2
22 silly idealTree ├── commander@2.9.0
22 silly idealTree ├── commondir@1.0.1
22 silly idealTree ├── concat-map@0.0.1
22 silly idealTree ├── console-browserify@1.1.0
22 silly idealTree ├── constants-browserify@1.0.0
22 silly idealTree ├── convert-source-map@1.3.0
22 silly idealTree ├── core-js@2.4.1
22 silly idealTree ├── core-util-is@1.0.2
22 silly idealTree ├── create-ecdh@4.0.0
22 silly idealTree ├── create-hash@1.1.2
22 silly idealTree ├── create-hmac@1.1.4
22 silly idealTree ├── crypto-browserify@3.11.0
22 silly idealTree ├── css-color-names@0.0.4
22 silly idealTree ├── css-loader@0.26.1
22 silly idealTree ├── css-selector-tokenizer@0.7.0
22 silly idealTree ├── cssesc@0.1.0
22 silly idealTree ├── cssnano@3.10.0
22 silly idealTree ├── csso@2.2.1
22 silly idealTree ├── d@1.0.0
22 silly idealTree ├── date-now@0.1.4
22 silly idealTree ├── debug@2.6.0
22 silly idealTree ├── decamelize@1.2.0
22 silly idealTree ├── defined@1.0.0
22 silly idealTree ├── des.js@1.0.0
22 silly idealTree ├── detect-indent@4.0.0
22 silly idealTree ├── diffie-hellman@5.0.2
22 silly idealTree ├── domain-browser@1.1.7
22 silly idealTree ├── elliptic@6.3.2
22 silly idealTree ├── emojis-list@2.1.0
22 silly idealTree ├── encoding@0.1.12
22 silly idealTree ├── enhanced-resolve@2.3.0
22 silly idealTree ├── errno@0.1.4
22 silly idealTree ├── error-ex@1.3.0
22 silly idealTree ├── es5-ext@0.10.12
22 silly idealTree ├─┬ es6-iterator@2.0.0
22 silly idealTree │ └── d@0.1.1
22 silly idealTree ├─┬ es6-symbol@3.1.0
22 silly idealTree │ └── d@0.1.1
22 silly idealTree ├─┬ es6-weak-map@2.0.1
22 silly idealTree │ └── d@0.1.1
22 silly idealTree ├── escape-string-regexp@1.0.5
22 silly idealTree ├── esprima@2.7.3
22 silly idealTree ├── esutils@2.0.2
22 silly idealTree ├─┬ event-emitter@0.3.4
22 silly idealTree │ └── d@0.1.1
22 silly idealTree ├── events@1.1.1
22 silly idealTree ├── evp_bytestokey@1.0.0
22 silly idealTree ├── expand-brackets@0.1.5
22 silly idealTree ├── expand-range@1.8.2
22 silly idealTree ├── extglob@0.3.2
22 silly idealTree ├── fastparse@1.1.1
22 silly idealTree ├─┬ fbjs@0.8.8
22 silly idealTree │ └── core-js@1.2.7
22 silly idealTree ├── filename-regex@2.0.0
22 silly idealTree ├── fill-range@2.2.3
22 silly idealTree ├── find-cache-dir@0.1.1
22 silly idealTree ├── find-up@1.1.2
22 silly idealTree ├── flatten@1.0.2
22 silly idealTree ├── for-in@0.1.6
22 silly idealTree ├── for-own@0.1.4
22 silly idealTree ├── fs-readdir-recursive@1.0.0
22 silly idealTree ├── fs.realpath@1.0.0
22 silly idealTree ├─┬ fsevents@1.0.17
22 silly idealTree │ ├── abbrev@1.0.9
22 silly idealTree │ ├── ansi-regex@2.0.0
22 silly idealTree │ ├── ansi-styles@2.2.1
22 silly idealTree │ ├── aproba@1.0.4
22 silly idealTree │ ├── are-we-there-yet@1.1.2
22 silly idealTree │ ├── asn1@0.2.3
22 silly idealTree │ ├── assert-plus@0.2.0
22 silly idealTree │ ├── asynckit@0.4.0
22 silly idealTree │ ├── aws-sign2@0.6.0
22 silly idealTree │ ├── aws4@1.5.0
22 silly idealTree │ ├── balanced-match@0.4.2
22 silly idealTree │ ├── bcrypt-pbkdf@1.0.0
22 silly idealTree │ ├── block-stream@0.0.9
22 silly idealTree │ ├── boom@2.10.1
22 silly idealTree │ ├── brace-expansion@1.1.6
22 silly idealTree │ ├── buffer-shims@1.0.0
22 silly idealTree │ ├── caseless@0.11.0
22 silly idealTree │ ├─┬ chalk@1.1.3
22 silly idealTree │ │ └── supports-color@2.0.0
22 silly idealTree │ ├── code-point-at@1.1.0
22 silly idealTree │ ├── combined-stream@1.0.5
22 silly idealTree │ ├── commander@2.9.0
22 silly idealTree │ ├── concat-map@0.0.1
22 silly idealTree │ ├── console-control-strings@1.1.0
22 silly idealTree │ ├── core-util-is@1.0.2
22 silly idealTree │ ├── cryptiles@2.0.5
22 silly idealTree │ ├─┬ dashdash@1.14.1
22 silly idealTree │ │ └── assert-plus@1.0.0
22 silly idealTree │ ├── debug@2.2.0
22 silly idealTree │ ├── deep-extend@0.4.1
22 silly idealTree │ ├── delayed-stream@1.0.0
22 silly idealTree │ ├── delegates@1.0.0
22 silly idealTree │ ├── ecc-jsbn@0.1.1
22 silly idealTree │ ├── escape-string-regexp@1.0.5
22 silly idealTree │ ├── extend@3.0.0
22 silly idealTree │ ├── extsprintf@1.0.2
22 silly idealTree │ ├── forever-agent@0.6.1
22 silly idealTree │ ├── form-data@2.1.2
22 silly idealTree │ ├── fs.realpath@1.0.0
22 silly idealTree │ ├── fstream-ignore@1.0.5
22 silly idealTree │ ├── fstream@1.0.10
22 silly idealTree │ ├── gauge@2.7.2
22 silly idealTree │ ├── generate-function@2.0.0
22 silly idealTree │ ├── generate-object-property@1.2.0
22 silly idealTree │ ├─┬ getpass@0.1.6
22 silly idealTree │ │ └── assert-plus@1.0.0
22 silly idealTree │ ├── glob@7.1.1
22 silly idealTree │ ├── graceful-fs@4.1.11
22 silly idealTree │ ├── graceful-readlink@1.0.1
22 silly idealTree │ ├── har-validator@2.0.6
22 silly idealTree │ ├── has-ansi@2.0.0
22 silly idealTree │ ├── has-unicode@2.0.1
22 silly idealTree │ ├── hawk@3.1.3
22 silly idealTree │ ├── hoek@2.16.3
22 silly idealTree │ ├── http-signature@1.1.1
22 silly idealTree │ ├── inflight@1.0.6
22 silly idealTree │ ├── inherits@2.0.3
22 silly idealTree │ ├── ini@1.3.4
22 silly idealTree │ ├── is-fullwidth-code-point@1.0.0
22 silly idealTree │ ├── is-my-json-valid@2.15.0
22 silly idealTree │ ├── is-property@1.0.2
22 silly idealTree │ ├── is-typedarray@1.0.0
22 silly idealTree │ ├── isarray@1.0.0
22 silly idealTree │ ├── isstream@0.1.2
22 silly idealTree │ ├── jodid25519@1.0.2
22 silly idealTree │ ├── jsbn@0.1.0
22 silly idealTree │ ├── json-schema@0.2.3
22 silly idealTree │ ├── json-stringify-safe@5.0.1
22 silly idealTree │ ├── jsonpointer@4.0.1
22 silly idealTree │ ├── jsprim@1.3.1
22 silly idealTree │ ├── mime-db@1.25.0
22 silly idealTree │ ├── mime-types@2.1.13
22 silly idealTree │ ├── minimatch@3.0.3
22 silly idealTree │ ├── minimist@0.0.8
22 silly idealTree │ ├── mkdirp@0.5.1
22 silly idealTree │ ├── ms@0.7.1
22 silly idealTree │ ├── node-pre-gyp@0.6.32
22 silly idealTree │ ├── nopt@3.0.6
22 silly idealTree │ ├── npmlog@4.0.2
22 silly idealTree │ ├── number-is-nan@1.0.1
22 silly idealTree │ ├── oauth-sign@0.8.2
22 silly idealTree │ ├── object-assign@4.1.0
22 silly idealTree │ ├── once@1.4.0
22 silly idealTree │ ├── path-is-absolute@1.0.1
22 silly idealTree │ ├── pinkie-promise@2.0.1
22 silly idealTree │ ├── pinkie@2.0.4
22 silly idealTree │ ├── process-nextick-args@1.0.7
22 silly idealTree │ ├── punycode@1.4.1
22 silly idealTree │ ├── qs@6.3.0
22 silly idealTree │ ├─┬ rc@1.1.6
22 silly idealTree │ │ └── minimist@1.2.0
22 silly idealTree │ ├── readable-stream@2.2.2
22 silly idealTree │ ├── request@2.79.0
22 silly idealTree │ ├── rimraf@2.5.4
22 silly idealTree │ ├── semver@5.3.0
22 silly idealTree │ ├── set-blocking@2.0.0
22 silly idealTree │ ├── signal-exit@3.0.2
22 silly idealTree │ ├── sntp@1.0.9
22 silly idealTree │ ├─┬ sshpk@1.10.1
22 silly idealTree │ │ └── assert-plus@1.0.0
22 silly idealTree │ ├── string_decoder@0.10.31
22 silly idealTree │ ├── string-width@1.0.2
22 silly idealTree │ ├── stringstream@0.0.5
22 silly idealTree │ ├── strip-ansi@3.0.1
22 silly idealTree │ ├── strip-json-comments@1.0.4
22 silly idealTree │ ├── supports-color@0.2.0
22 silly idealTree │ ├─┬ tar-pack@3.3.0
22 silly idealTree │ │ ├── once@1.3.3
22 silly idealTree │ │ └── readable-stream@2.1.5
22 silly idealTree │ ├── tar@2.2.1
22 silly idealTree │ ├── tough-cookie@2.3.2
22 silly idealTree │ ├── tunnel-agent@0.4.3
22 silly idealTree │ ├── tweetnacl@0.14.5
22 silly idealTree │ ├── uid-number@0.0.6
22 silly idealTree │ ├── util-deprecate@1.0.2
22 silly idealTree │ ├── uuid@3.0.1
22 silly idealTree │ ├── verror@1.3.6
22 silly idealTree │ ├── wide-align@1.1.0
22 silly idealTree │ ├── wrappy@1.0.2
22 silly idealTree │ └── xtend@4.0.1
22 silly idealTree ├── function-bind@1.1.0
22 silly idealTree ├── get-caller-file@1.0.2
22 silly idealTree ├── glob-base@0.3.0
22 silly idealTree ├── glob-parent@2.0.0
22 silly idealTree ├── glob@5.0.15
22 silly idealTree ├── globals@9.14.0
22 silly idealTree ├── graceful-fs@4.1.11
22 silly idealTree ├── graceful-readlink@1.0.1
22 silly idealTree ├── has-ansi@2.0.0
22 silly idealTree ├── has-flag@1.0.0
22 silly idealTree ├── has@1.0.1
22 silly idealTree ├── hash.js@1.0.3
22 silly idealTree ├── home-or-tmp@2.0.0
22 silly idealTree ├── hosted-git-info@2.1.5
22 silly idealTree ├── html-comment-regex@1.1.1
22 silly idealTree ├── https-browserify@0.0.1
22 silly idealTree ├── iconv-lite@0.4.15
22 silly idealTree ├── icss-replace-symbols@1.0.2
22 silly idealTree ├── ieee754@1.1.8
22 silly idealTree ├── indexes-of@1.0.1
22 silly idealTree ├── indexof@0.0.1
22 silly idealTree ├── inflight@1.0.6
22 silly idealTree ├── inherits@2.0.3
22 silly idealTree ├── interpret@1.0.1
22 silly idealTree ├── invariant@2.2.2
22 silly idealTree ├── invert-kv@1.0.0
22 silly idealTree ├── is-absolute-url@2.1.0
22 silly idealTree ├── is-arrayish@0.2.1
22 silly idealTree ├── is-binary-path@1.0.1
22 silly idealTree ├── is-buffer@1.1.4
22 silly idealTree ├── is-builtin-module@1.0.0
22 silly idealTree ├── is-dotfile@1.0.2
22 silly idealTree ├── is-equal-shallow@0.1.3
22 silly idealTree ├── is-extendable@0.1.1
22 silly idealTree ├── is-extglob@1.0.0
22 silly idealTree ├── is-finite@1.0.2
22 silly idealTree ├── is-fullwidth-code-point@1.0.0
22 silly idealTree ├── is-glob@2.0.1
22 silly idealTree ├── is-number@2.1.0
22 silly idealTree ├── is-plain-obj@1.1.0
22 silly idealTree ├── is-posix-bracket@0.1.1
22 silly idealTree ├── is-primitive@2.0.0
22 silly idealTree ├── is-promise@2.1.0
22 silly idealTree ├── is-stream@1.1.0
22 silly idealTree ├── is-svg@2.1.0
22 silly idealTree ├── is-utf8@0.2.1
22 silly idealTree ├── isarray@1.0.0
22 silly idealTree ├── isobject@2.1.0
22 silly idealTree ├── isomorphic-fetch@2.2.1
22 silly idealTree ├── js-base64@2.1.9
22 silly idealTree ├── js-tokens@2.0.0
22 silly idealTree ├── js-yaml@3.6.1
22 silly idealTree ├── jsesc@1.3.0
22 silly idealTree ├── json-stable-stringify@1.0.1
22 silly idealTree ├── json5@0.5.1
22 silly idealTree ├── jsonify@0.0.0
22 silly idealTree ├── kind-of@3.1.0
22 silly idealTree ├── lazy-cache@1.0.4
22 silly idealTree ├── lcid@1.0.0
22 silly idealTree ├── load-json-file@1.1.0
22 silly idealTree ├── loader-runner@2.2.0
22 silly idealTree ├── loader-utils@0.2.16
22 silly idealTree ├── lodash.camelcase@4.3.0
22 silly idealTree ├── lodash.indexof@4.0.5
22 silly idealTree ├── lodash.memoize@4.1.2
22 silly idealTree ├── lodash.some@4.6.0
22 silly idealTree ├── lodash.uniq@4.5.0
22 silly idealTree ├── lodash@4.17.4
22 silly idealTree ├── longest@1.0.1
22 silly idealTree ├── loose-envify@1.3.0
22 silly idealTree ├── lru-queue@0.1.0
22 silly idealTree ├── macaddress@0.2.8
22 silly idealTree ├── math-expression-evaluator@1.2.14
22 silly idealTree ├── memoizee@0.4.1
22 silly idealTree ├── memory-fs@0.3.0
22 silly idealTree ├── micromatch@2.3.11
22 silly idealTree ├── miller-rabin@4.0.0
22 silly idealTree ├── minimalistic-assert@1.0.0
22 silly idealTree ├── minimatch@3.0.3
22 silly idealTree ├── minimist@0.0.8
22 silly idealTree ├── mkdirp@0.5.1
22 silly idealTree ├── ms@0.7.2
22 silly idealTree ├── nan@2.5.0
22 silly idealTree ├── next-tick@1.0.0
22 silly idealTree ├── node-fetch@1.6.3
22 silly idealTree ├── node-libs-browser@1.1.1
22 silly idealTree ├── normalize-package-data@2.3.5
22 silly idealTree ├── normalize-path@2.0.1
22 silly idealTree ├── normalize-range@0.1.2
22 silly idealTree ├── normalize-url@1.9.0
22 silly idealTree ├── num2fraction@1.2.2
22 silly idealTree ├── number-is-nan@1.0.1
22 silly idealTree ├── object-assign@4.1.0
22 silly idealTree ├── object.omit@2.0.1
22 silly idealTree ├── once@1.4.0
22 silly idealTree ├── os-browserify@0.2.1
22 silly idealTree ├── os-homedir@1.0.2
22 silly idealTree ├── os-locale@1.4.0
22 silly idealTree ├── os-tmpdir@1.0.2
22 silly idealTree ├── output-file-sync@1.1.2
22 silly idealTree ├── pako@0.2.9
22 silly idealTree ├── parse-asn1@5.0.0
22 silly idealTree ├── parse-glob@3.0.4
22 silly idealTree ├── parse-json@2.2.0
22 silly idealTree ├── path-browserify@0.0.0
22 silly idealTree ├── path-exists@2.1.0
22 silly idealTree ├── path-is-absolute@1.0.1
22 silly idealTree ├── path-type@1.1.0
22 silly idealTree ├── pbkdf2@3.0.9
22 silly idealTree ├── pify@2.3.0
22 silly idealTree ├── pinkie-promise@2.0.1
22 silly idealTree ├── pinkie@2.0.4
22 silly idealTree ├── pkg-dir@1.0.0
22 silly idealTree ├── postcss-calc@5.3.1
22 silly idealTree ├── postcss-colormin@2.2.1
22 silly idealTree ├── postcss-convert-values@2.6.0
22 silly idealTree ├── postcss-discard-comments@2.0.4
22 silly idealTree ├── postcss-discard-duplicates@2.0.2
22 silly idealTree ├── postcss-discard-empty@2.1.0
22 silly idealTree ├── postcss-discard-overridden@0.1.1
22 silly idealTree ├── postcss-discard-unused@2.2.3
22 silly idealTree ├── postcss-filter-plugins@2.0.2
22 silly idealTree ├── postcss-merge-idents@2.1.7
22 silly idealTree ├── postcss-merge-longhand@2.0.2
22 silly idealTree ├── postcss-merge-rules@2.1.1
22 silly idealTree ├── postcss-message-helpers@2.0.0
22 silly idealTree ├── postcss-minify-font-values@1.0.5
22 silly idealTree ├── postcss-minify-gradients@1.0.5
22 silly idealTree ├── postcss-minify-params@1.2.2
22 silly idealTree ├── postcss-minify-selectors@2.1.1
22 silly idealTree ├── postcss-modules-extract-imports@1.0.1
22 silly idealTree ├─┬ postcss-modules-local-by-default@1.1.1
22 silly idealTree │ └── css-selector-tokenizer@0.6.0
22 silly idealTree ├─┬ postcss-modules-scope@1.0.2
22 silly idealTree │ └── css-selector-tokenizer@0.6.0
22 silly idealTree ├── postcss-modules-values@1.2.2
22 silly idealTree ├── postcss-normalize-charset@1.1.1
22 silly idealTree ├── postcss-normalize-url@3.0.8
22 silly idealTree ├── postcss-ordered-values@2.2.3
22 silly idealTree ├── postcss-reduce-idents@2.4.0
22 silly idealTree ├── postcss-reduce-initial@1.0.1
22 silly idealTree ├── postcss-reduce-transforms@1.0.4
22 silly idealTree ├── postcss-selector-parser@2.2.2
22 silly idealTree ├── postcss-svgo@2.1.6
22 silly idealTree ├── postcss-unique-selectors@2.0.2
22 silly idealTree ├── postcss-value-parser@3.3.0
22 silly idealTree ├── postcss-zindex@2.2.0
22 silly idealTree ├─┬ postcss@5.2.10
22 silly idealTree │ └── supports-color@3.1.2
22 silly idealTree ├── prepend-http@1.0.4
22 silly idealTree ├── preserve@0.2.0
22 silly idealTree ├── private@0.1.6
22 silly idealTree ├── process-nextick-args@1.0.7
22 silly idealTree ├── process@0.11.9
22 silly idealTree ├── promise@7.1.1
22 silly idealTree ├── prr@0.0.0
22 silly idealTree ├── public-encrypt@4.0.0
22 silly idealTree ├── punycode@1.4.1
22 silly idealTree ├── q@1.4.1
22 silly idealTree ├── query-string@4.3.0
22 silly idealTree ├── querystring-es3@0.2.1
22 silly idealTree ├── querystring@0.2.0
22 silly idealTree ├── randomatic@1.1.6
22 silly idealTree ├── randombytes@2.0.3
22 silly idealTree ├── react@15.4.2
22 silly idealTree ├── read-pkg-up@1.0.1
22 silly idealTree ├── read-pkg@1.1.0
22 silly idealTree ├── readable-stream@2.2.2
22 silly idealTree ├── readdirp@2.1.0
22 silly idealTree ├── rechoir@0.6.2
22 silly idealTree ├── reduce-css-calc@1.3.0
22 silly idealTree ├── reduce-function-call@1.0.2
22 silly idealTree ├── regenerate@1.3.2
22 silly idealTree ├── regenerator-runtime@0.10.1
22 silly idealTree ├── regex-cache@0.4.3
22 silly idealTree ├── regexpu-core@1.0.0
22 silly idealTree ├── regjsgen@0.2.0
22 silly idealTree ├─┬ regjsparser@0.1.5
22 silly idealTree │ └── jsesc@0.5.0
22 silly idealTree ├── repeat-element@1.1.2
22 silly idealTree ├── repeat-string@1.6.1
22 silly idealTree ├── repeating@2.0.1
22 silly idealTree ├── require-directory@2.1.1
22 silly idealTree ├── require-main-filename@1.0.1
22 silly idealTree ├── resolve@1.2.0
22 silly idealTree ├── right-align@0.1.3
22 silly idealTree ├── ripemd160@1.0.1
22 silly idealTree ├── sax@1.2.1
22 silly idealTree ├── semver@5.3.0
22 silly idealTree ├── set-blocking@2.0.0
22 silly idealTree ├── set-immediate-shim@1.0.1
22 silly idealTree ├── setimmediate@1.0.5
22 silly idealTree ├── sha.js@2.4.8
22 silly idealTree ├─┬ shelljs@0.7.6
22 silly idealTree │ └── glob@7.1.1
22 silly idealTree ├── slash@1.0.0
22 silly idealTree ├── sort-keys@1.1.2
22 silly idealTree ├── source-list-map@0.1.8
22 silly idealTree ├── source-map-support@0.4.8
22 silly idealTree ├── source-map@0.5.6
22 silly idealTree ├── spdx-correct@1.0.2
22 silly idealTree ├── spdx-expression-parse@1.0.4
22 silly idealTree ├── spdx-license-ids@1.2.2
22 silly idealTree ├── sprintf-js@1.0.3
22 silly idealTree ├── stream-browserify@2.0.1
22 silly idealTree ├── stream-http@2.6.1
22 silly idealTree ├── strict-uri-encode@1.1.0
22 silly idealTree ├── string_decoder@0.10.31
22 silly idealTree ├── string-width@1.0.2
22 silly idealTree ├── strip-ansi@3.0.1
22 silly idealTree ├── strip-bom@2.0.0
22 silly idealTree ├── style-loader@0.13.1
22 silly idealTree ├── supports-color@2.0.0
22 silly idealTree ├── svgo@0.7.1
22 silly idealTree ├── tapable@0.2.6
22 silly idealTree ├── timers-browserify@1.4.2
22 silly idealTree ├─┬ timers-ext@0.1.0
22 silly idealTree │ └── next-tick@0.2.2
22 silly idealTree ├── to-arraybuffer@1.0.1
22 silly idealTree ├── to-fast-properties@1.0.2
22 silly idealTree ├── tty-browserify@0.0.0
22 silly idealTree ├── ua-parser-js@0.7.12
22 silly idealTree ├─┬ uglify-js@2.7.5
22 silly idealTree │ ├── async@0.2.10
22 silly idealTree │ └── yargs@3.10.0
22 silly idealTree ├── uglify-to-browserify@1.0.2
22 silly idealTree ├── uniq@1.0.1
22 silly idealTree ├── uniqid@4.1.1
22 silly idealTree ├── uniqs@2.0.0
22 silly idealTree ├─┬ url@0.11.0
22 silly idealTree │ └── punycode@1.3.2
22 silly idealTree ├── user-home@1.1.1
22 silly idealTree ├── util-deprecate@1.0.2
22 silly idealTree ├─┬ util@0.10.3
22 silly idealTree │ └── inherits@2.0.1
22 silly idealTree ├── v8flags@2.0.11
22 silly idealTree ├── validate-npm-package-license@3.0.1
22 silly idealTree ├── vendors@1.0.1
22 silly idealTree ├── vm-browserify@0.0.4
22 silly idealTree ├── watchpack@1.2.0
22 silly idealTree ├── webpack-sources@0.1.3
22 silly idealTree ├─┬ webpack@2.1.0-beta.27
22 silly idealTree │ └── supports-color@3.1.2
22 silly idealTree ├── whatwg-fetch@2.0.1
22 silly idealTree ├── whet.extend@0.9.9
22 silly idealTree ├── which-module@1.0.0
22 silly idealTree ├── window-size@0.1.0
22 silly idealTree ├── wordwrap@0.0.2
22 silly idealTree ├── wrap-ansi@2.1.0
22 silly idealTree ├── wrappy@1.0.2
22 silly idealTree ├── xtend@4.0.1
22 silly idealTree ├── y18n@3.2.1
22 silly idealTree ├─┬ yargs-parser@4.2.1
22 silly idealTree │ └── camelcase@3.0.0
22 silly idealTree └─┬ yargs@6.6.0
22 silly idealTree   ├── camelcase@3.0.0
22 silly idealTree   └── cliui@3.2.0
23 silly generateActionsToTake Starting
24 silly install generateActionsToTake
25 silly generateActionsToTake Finishing
26 silly diffTrees action count 0
27 silly decomposeActions action count 0
28 silly runTopLevelLifecycles Starting
29 silly install runPreinstallTopLevelLifecycles
30 silly preinstall @0.0.1
31 info lifecycle @0.0.1~preinstall: @0.0.1
32 silly lifecycle @0.0.1~preinstall: no script for preinstall, continuing
33 silly executeActions Starting
34 silly install executeActions
35 silly doSerial global-install 0
36 silly doParallel fetch 0
37 verbose correctMkdir /var/folders/vv/61hwfk8n34s71knk8cvtmh7h0000gn/T/backbone-redux116718-45901-dhntnh/.cache/_locks correctMkdir not in flight; initializing
38 verbose lock using /var/folders/vv/61hwfk8n34s71knk8cvtmh7h0000gn/T/backbone-redux116718-45901-dhntnh/.cache/_locks/staging-f3742096fd4b890c.lock for /Users/KELiON/projects/cerebro-osx-contacts/node_modules/.staging
39 silly doParallel extract 0
40 silly doParallel preinstall 0
41 silly doReverseSerial remove 0
42 silly doSerial move 0
43 silly doSerial finalize 0
44 silly doSerial build 0
45 silly doSerial global-link 0
46 silly doParallel update-linked 0
47 silly doSerial install 0
48 silly doSerial postinstall 0
49 verbose unlock done using /var/folders/vv/61hwfk8n34s71knk8cvtmh7h0000gn/T/backbone-redux116718-45901-dhntnh/.cache/_locks/staging-f3742096fd4b890c.lock for /Users/KELiON/projects/cerebro-osx-contacts/node_modules/.staging
50 silly executeActions Finishing
51 silly rollbackFailedOptional Starting
52 silly rollbackFailedOptional Finishing
53 silly install runPostinstallTopLevelLifecycles
54 silly build @0.0.1
55 info linkStuff @0.0.1
56 silly linkStuff @0.0.1 has /Users/KELiON/projects as its parent node_modules
57 verbose linkBins @0.0.1
58 verbose linkMans @0.0.1
59 silly install @0.0.1
60 info lifecycle @0.0.1~install: @0.0.1
61 silly lifecycle @0.0.1~install: no script for install, continuing
62 silly postinstall @0.0.1
63 info lifecycle @0.0.1~postinstall: @0.0.1
64 silly lifecycle @0.0.1~postinstall: no script for postinstall, continuing
65 silly prepublish @0.0.1
66 warn prepublish-on-install As of npm@5, `prepublish` scripts will run only for `npm publish`.
67 warn prepublish-on-install (In npm@4 and previous versions, it also runs for `npm install`.)
68 warn prepublish-on-install See the deprecation note in `npm help scripts` for more information.
69 info lifecycle @0.0.1~prepublish: @0.0.1
70 verbose lifecycle @0.0.1~prepublish: unsafe-perm in lifecycle true
71 verbose lifecycle @0.0.1~prepublish: PATH: /Users/KELiON/.nvm/versions/node/v6.5.0/lib/node_modules/npm/bin/node-gyp-bin:/Users/KELiON/projects/cerebro-osx-contacts/node_modules/.bin:/Users/KELiON/.nvm/versions/node/v6.5.0/bin:/Users/KELiON/.rbenv/shims:./bin:/usr/local/bin:/usr/local/sbin:/Users/KELiON/.sfs:/Users/KELiON/.dotfiles/bin:/usr/bin:/bin:/usr/sbin:/sbin
72 verbose lifecycle @0.0.1~prepublish: CWD: /Users/KELiON/projects/cerebro-osx-contacts
73 silly lifecycle @0.0.1~prepublish: Args: [ '-c', 'rm -rf ./dist && npm run build' ]
74 silly lifecycle @0.0.1~prepublish: Returned: code: 1  signal: null
75 info lifecycle @0.0.1~prepublish: Failed to exec prepublish script
76 verbose stack Error: @0.0.1 prepublish: `rm -rf ./dist && npm run build`
76 verbose stack Exit status 1
76 verbose stack     at EventEmitter.<anonymous> (/Users/KELiON/.nvm/versions/node/v6.5.0/lib/node_modules/npm/lib/utils/lifecycle.js:279:16)
76 verbose stack     at emitTwo (events.js:106:13)
76 verbose stack     at EventEmitter.emit (events.js:191:7)
76 verbose stack     at ChildProcess.<anonymous> (/Users/KELiON/.nvm/versions/node/v6.5.0/lib/node_modules/npm/lib/utils/spawn.js:40:14)
76 verbose stack     at emitTwo (events.js:106:13)
76 verbose stack     at ChildProcess.emit (events.js:191:7)
76 verbose stack     at maybeClose (internal/child_process.js:877:16)
76 verbose stack     at Process.ChildProcess._handle.onexit (internal/child_process.js:226:5)
77 verbose pkgid @0.0.1
78 verbose cwd /Users/KELiON/projects/cerebro-osx-contacts
79 error Darwin 16.1.0
80 error argv "/Users/KELiON/.nvm/versions/node/v6.5.0/bin/node" "/Users/KELiON/.nvm/versions/node/v6.5.0/bin/npm" "install"
81 error node v6.5.0
82 error npm  v4.0.3
83 error code ELIFECYCLE
84 error @0.0.1 prepublish: `rm -rf ./dist && npm run build`
84 error Exit status 1
85 error Failed at the @0.0.1 prepublish script 'rm -rf ./dist && npm run build'.
85 error Make sure you have the latest version of node.js and npm installed.
85 error If you do, this is most likely a problem with the  package,
85 error not with npm itself.
85 error Tell the author that this fails on your system:
85 error     rm -rf ./dist && npm run build
85 error You can get information on how to open an issue for this project with:
85 error     npm bugs
85 error Or if that isn't available, you can get their info via:
85 error     npm owner ls
85 error There is likely additional logging output above.
86 verbose exit [ 1, true ]
